\BOOKMARK [0][-]{chapter.1}{Irradiance\040and\040atmospheric\040functions}{}% 1
\BOOKMARK [1][-]{section.1.1}{pvlib.pvl_alt2pres}{chapter.1}% 2
\BOOKMARK [1][-]{section.1.2}{pvlib.pvl_pres2alt}{chapter.1}% 3
\BOOKMARK [1][-]{section.1.3}{pvlib.pvl_getaoi}{chapter.1}% 4
\BOOKMARK [1][-]{section.1.4}{pvlib.pvl_disc}{chapter.1}% 5
\BOOKMARK [1][-]{section.1.5}{pvlib.pvl_ephemeris}{chapter.1}% 6
\BOOKMARK [1][-]{section.1.6}{pvlib.pvl_spa}{chapter.1}% 7
\BOOKMARK [1][-]{section.1.7}{pvlib.pvl_extraradiation}{chapter.1}% 8
\BOOKMARK [1][-]{section.1.8}{pvlib.pvl_globalinplane}{chapter.1}% 9
\BOOKMARK [1][-]{section.1.9}{pvlib.pvl_grounddiffuse}{chapter.1}% 10
\BOOKMARK [1][-]{section.1.10}{pvlib.pvl_makelocationstruct}{chapter.1}% 11
\BOOKMARK [1][-]{section.1.11}{pvlib.pvl_relativeairmass}{chapter.1}% 12
\BOOKMARK [1][-]{section.1.12}{pvlib.pvl_absoluteairmass}{chapter.1}% 13
\BOOKMARK [1][-]{section.1.13}{pvlib.pvl_clearsky_ineichen}{chapter.1}% 14
\BOOKMARK [1][-]{section.1.14}{pvlib.pvl_clearsky_haurwitz}{chapter.1}% 15
\BOOKMARK [0][-]{chapter.2}{Irradiance\040Translation\040Functions}{}% 16
\BOOKMARK [1][-]{section.2.1}{pvlib.pvl_perez}{chapter.2}% 17
\BOOKMARK [1][-]{section.2.2}{pvlib.pvl_haydavies1980}{chapter.2}% 18
\BOOKMARK [1][-]{section.2.3}{pvlib.pvl_isotropicsky}{chapter.2}% 19
\BOOKMARK [1][-]{section.2.4}{pvlib.pvl_kingdiffuse}{chapter.2}% 20
\BOOKMARK [1][-]{section.2.5}{pvlib.pvl_klucher1979}{chapter.2}% 21
\BOOKMARK [1][-]{section.2.6}{pvlib.pvl_reindl1990}{chapter.2}% 22
\BOOKMARK [0][-]{chapter.3}{Data\040Handling}{}% 23
\BOOKMARK [1][-]{section.3.1}{pvlib.pvl_readtmy2}{chapter.3}% 24
\BOOKMARK [1][-]{section.3.2}{pvlib.pvl_readtmy3}{chapter.3}% 25
\BOOKMARK [0][-]{chapter.4}{System\040Modelling\040functions}{}% 26
\BOOKMARK [1][-]{section.4.1}{pvlib.pvl_physicaliam}{chapter.4}% 27
\BOOKMARK [1][-]{section.4.2}{pvlib.pvl_ashraeiam}{chapter.4}% 28
\BOOKMARK [1][-]{section.4.3}{pvlib.pvl_calcparams_desoto}{chapter.4}% 29
\BOOKMARK [1][-]{section.4.4}{pvlib.pvl_retreiveSAM}{chapter.4}% 30
\BOOKMARK [1][-]{section.4.5}{pvlib.pvl_sapm}{chapter.4}% 31
\BOOKMARK [1][-]{section.4.6}{pvlib.pvl_sapmcelltemp}{chapter.4}% 32
\BOOKMARK [1][-]{section.4.7}{pvlib.pvl_singlediode}{chapter.4}% 33
\BOOKMARK [1][-]{section.4.8}{pvlib.pvl_snlinverter}{chapter.4}% 34
\BOOKMARK [1][-]{section.4.9}{pvlib.pvl_systemdef}{chapter.4}% 35
\BOOKMARK [0][-]{chapter.5}{PVLIB\040functions}{}% 36
\BOOKMARK [1][-]{section.5.1}{pvlib.pvl_tools.Parse}{chapter.5}% 37
\BOOKMARK [1][-]{section.5.2}{pvlib.pvl_tools.repack}{chapter.5}% 38
\BOOKMARK [1][-]{section.5.3}{pvlib.pvl_tools.cosd}{chapter.5}% 39
\BOOKMARK [1][-]{section.5.4}{pvlib.pvl_tools.sind}{chapter.5}% 40
\BOOKMARK [0][-]{chapter.6}{Indices\040and\040tables}{}% 41
